Linked: (/home/users/danbing/catkin_workspace/devel/.private/gcloud_speech_msgs/include/gcloud_speech_msgs/SpeechToTextResult.h, /home/users/danbing/catkin_workspace/devel/include/gcloud_speech_msgs/SpeechToTextResult.h)
Linked: (/home/users/danbing/catkin_workspace/devel/.private/gcloud_speech_msgs/include/gcloud_speech_msgs/SpeechToTextFeedback.h, /home/users/danbing/catkin_workspace/devel/include/gcloud_speech_msgs/SpeechToTextFeedback.h)
Linked: (/home/users/danbing/catkin_workspace/devel/.private/gcloud_speech_msgs/include/gcloud_speech_msgs/SpeechToTextGoal.h, /home/users/danbing/catkin_workspace/devel/include/gcloud_speech_msgs/SpeechToTextGoal.h)
Linked: (/home/users/danbing/catkin_workspace/devel/.private/gcloud_speech_msgs/include/gcloud_speech_msgs/RecognitionHypothesis.h, /home/users/danbing/catkin_workspace/devel/include/gcloud_speech_msgs/RecognitionHypothesis.h)
Linked: (/home/users/danbing/catkin_workspace/devel/.private/gcloud_speech_msgs/include/gcloud_speech_msgs/SpeechToTextActionGoal.h, /home/users/danbing/catkin_workspace/devel/include/gcloud_speech_msgs/SpeechToTextActionGoal.h)
Linked: (/home/users/danbing/catkin_workspace/devel/.private/gcloud_speech_msgs/include/gcloud_speech_msgs/SpeechToTextActionFeedback.h, /home/users/danbing/catkin_workspace/devel/include/gcloud_speech_msgs/SpeechToTextActionFeedback.h)
Linked: (/home/users/danbing/catkin_workspace/devel/.private/gcloud_speech_msgs/include/gcloud_speech_msgs/LinearPcm16Le16000Audio.h, /home/users/danbing/catkin_workspace/devel/include/gcloud_speech_msgs/LinearPcm16Le16000Audio.h)
Linked: (/home/users/danbing/catkin_workspace/devel/.private/gcloud_speech_msgs/include/gcloud_speech_msgs/SpeechToTextActionResult.h, /home/users/danbing/catkin_workspace/devel/include/gcloud_speech_msgs/SpeechToTextActionResult.h)
Linked: (/home/users/danbing/catkin_workspace/devel/.private/gcloud_speech_msgs/include/gcloud_speech_msgs/SpeechToTextAction.h, /home/users/danbing/catkin_workspace/devel/include/gcloud_speech_msgs/SpeechToTextAction.h)
Linked: (/home/users/danbing/catkin_workspace/devel/.private/gcloud_speech_msgs/share/common-lisp/ros/gcloud_speech_msgs/msg/gcloud_speech_msgs-msg.asd, /home/users/danbing/catkin_workspace/devel/share/common-lisp/ros/gcloud_speech_msgs/msg/gcloud_speech_msgs-msg.asd)
Linked: (/home/users/danbing/catkin_workspace/devel/.private/gcloud_speech_msgs/share/common-lisp/ros/gcloud_speech_msgs/msg/LinearPcm16Le16000Audio.lisp, /home/users/danbing/catkin_workspace/devel/share/common-lisp/ros/gcloud_speech_msgs/msg/LinearPcm16Le16000Audio.lisp)
Linked: (/home/users/danbing/catkin_workspace/devel/.private/gcloud_speech_msgs/share/common-lisp/ros/gcloud_speech_msgs/msg/_package_SpeechToTextGoal.lisp, /home/users/danbing/catkin_workspace/devel/share/common-lisp/ros/gcloud_speech_msgs/msg/_package_SpeechToTextGoal.lisp)
Linked: (/home/users/danbing/catkin_workspace/devel/.private/gcloud_speech_msgs/share/common-lisp/ros/gcloud_speech_msgs/msg/SpeechToTextResult.lisp, /home/users/danbing/catkin_workspace/devel/share/common-lisp/ros/gcloud_speech_msgs/msg/SpeechToTextResult.lisp)
Linked: (/home/users/danbing/catkin_workspace/devel/.private/gcloud_speech_msgs/share/common-lisp/ros/gcloud_speech_msgs/msg/SpeechToTextAction.lisp, /home/users/danbing/catkin_workspace/devel/share/common-lisp/ros/gcloud_speech_msgs/msg/SpeechToTextAction.lisp)
Linked: (/home/users/danbing/catkin_workspace/devel/.private/gcloud_speech_msgs/share/common-lisp/ros/gcloud_speech_msgs/msg/_package_SpeechToTextFeedback.lisp, /home/users/danbing/catkin_workspace/devel/share/common-lisp/ros/gcloud_speech_msgs/msg/_package_SpeechToTextFeedback.lisp)
Linked: (/home/users/danbing/catkin_workspace/devel/.private/gcloud_speech_msgs/share/common-lisp/ros/gcloud_speech_msgs/msg/SpeechToTextActionGoal.lisp, /home/users/danbing/catkin_workspace/devel/share/common-lisp/ros/gcloud_speech_msgs/msg/SpeechToTextActionGoal.lisp)
Linked: (/home/users/danbing/catkin_workspace/devel/.private/gcloud_speech_msgs/share/common-lisp/ros/gcloud_speech_msgs/msg/_package_RecognitionHypothesis.lisp, /home/users/danbing/catkin_workspace/devel/share/common-lisp/ros/gcloud_speech_msgs/msg/_package_RecognitionHypothesis.lisp)
Linked: (/home/users/danbing/catkin_workspace/devel/.private/gcloud_speech_msgs/share/common-lisp/ros/gcloud_speech_msgs/msg/_package_SpeechToTextActionResult.lisp, /home/users/danbing/catkin_workspace/devel/share/common-lisp/ros/gcloud_speech_msgs/msg/_package_SpeechToTextActionResult.lisp)
Linked: (/home/users/danbing/catkin_workspace/devel/.private/gcloud_speech_msgs/share/common-lisp/ros/gcloud_speech_msgs/msg/SpeechToTextActionResult.lisp, /home/users/danbing/catkin_workspace/devel/share/common-lisp/ros/gcloud_speech_msgs/msg/SpeechToTextActionResult.lisp)
Linked: (/home/users/danbing/catkin_workspace/devel/.private/gcloud_speech_msgs/share/common-lisp/ros/gcloud_speech_msgs/msg/_package_SpeechToTextActionGoal.lisp, /home/users/danbing/catkin_workspace/devel/share/common-lisp/ros/gcloud_speech_msgs/msg/_package_SpeechToTextActionGoal.lisp)
Linked: (/home/users/danbing/catkin_workspace/devel/.private/gcloud_speech_msgs/share/common-lisp/ros/gcloud_speech_msgs/msg/SpeechToTextActionFeedback.lisp, /home/users/danbing/catkin_workspace/devel/share/common-lisp/ros/gcloud_speech_msgs/msg/SpeechToTextActionFeedback.lisp)
Linked: (/home/users/danbing/catkin_workspace/devel/.private/gcloud_speech_msgs/share/common-lisp/ros/gcloud_speech_msgs/msg/RecognitionHypothesis.lisp, /home/users/danbing/catkin_workspace/devel/share/common-lisp/ros/gcloud_speech_msgs/msg/RecognitionHypothesis.lisp)
Linked: (/home/users/danbing/catkin_workspace/devel/.private/gcloud_speech_msgs/share/common-lisp/ros/gcloud_speech_msgs/msg/_package.lisp, /home/users/danbing/catkin_workspace/devel/share/common-lisp/ros/gcloud_speech_msgs/msg/_package.lisp)
Linked: (/home/users/danbing/catkin_workspace/devel/.private/gcloud_speech_msgs/share/common-lisp/ros/gcloud_speech_msgs/msg/_package_SpeechToTextActionFeedback.lisp, /home/users/danbing/catkin_workspace/devel/share/common-lisp/ros/gcloud_speech_msgs/msg/_package_SpeechToTextActionFeedback.lisp)
Linked: (/home/users/danbing/catkin_workspace/devel/.private/gcloud_speech_msgs/share/common-lisp/ros/gcloud_speech_msgs/msg/_package_SpeechToTextAction.lisp, /home/users/danbing/catkin_workspace/devel/share/common-lisp/ros/gcloud_speech_msgs/msg/_package_SpeechToTextAction.lisp)
Linked: (/home/users/danbing/catkin_workspace/devel/.private/gcloud_speech_msgs/share/common-lisp/ros/gcloud_speech_msgs/msg/_package_SpeechToTextResult.lisp, /home/users/danbing/catkin_workspace/devel/share/common-lisp/ros/gcloud_speech_msgs/msg/_package_SpeechToTextResult.lisp)
Linked: (/home/users/danbing/catkin_workspace/devel/.private/gcloud_speech_msgs/share/common-lisp/ros/gcloud_speech_msgs/msg/_package_LinearPcm16Le16000Audio.lisp, /home/users/danbing/catkin_workspace/devel/share/common-lisp/ros/gcloud_speech_msgs/msg/_package_LinearPcm16Le16000Audio.lisp)
Linked: (/home/users/danbing/catkin_workspace/devel/.private/gcloud_speech_msgs/share/common-lisp/ros/gcloud_speech_msgs/msg/SpeechToTextFeedback.lisp, /home/users/danbing/catkin_workspace/devel/share/common-lisp/ros/gcloud_speech_msgs/msg/SpeechToTextFeedback.lisp)
Linked: (/home/users/danbing/catkin_workspace/devel/.private/gcloud_speech_msgs/share/common-lisp/ros/gcloud_speech_msgs/msg/SpeechToTextGoal.lisp, /home/users/danbing/catkin_workspace/devel/share/common-lisp/ros/gcloud_speech_msgs/msg/SpeechToTextGoal.lisp)
Linked: (/home/users/danbing/catkin_workspace/devel/.private/gcloud_speech_msgs/share/gcloud_speech_msgs/msg/SpeechToTextActionGoal.msg, /home/users/danbing/catkin_workspace/devel/share/gcloud_speech_msgs/msg/SpeechToTextActionGoal.msg)
Linked: (/home/users/danbing/catkin_workspace/devel/.private/gcloud_speech_msgs/share/gcloud_speech_msgs/msg/SpeechToTextActionResult.msg, /home/users/danbing/catkin_workspace/devel/share/gcloud_speech_msgs/msg/SpeechToTextActionResult.msg)
Linked: (/home/users/danbing/catkin_workspace/devel/.private/gcloud_speech_msgs/share/gcloud_speech_msgs/msg/SpeechToTextGoal.msg, /home/users/danbing/catkin_workspace/devel/share/gcloud_speech_msgs/msg/SpeechToTextGoal.msg)
Linked: (/home/users/danbing/catkin_workspace/devel/.private/gcloud_speech_msgs/share/gcloud_speech_msgs/msg/SpeechToTextAction.msg, /home/users/danbing/catkin_workspace/devel/share/gcloud_speech_msgs/msg/SpeechToTextAction.msg)
Linked: (/home/users/danbing/catkin_workspace/devel/.private/gcloud_speech_msgs/share/gcloud_speech_msgs/msg/SpeechToTextResult.msg, /home/users/danbing/catkin_workspace/devel/share/gcloud_speech_msgs/msg/SpeechToTextResult.msg)
Linked: (/home/users/danbing/catkin_workspace/devel/.private/gcloud_speech_msgs/share/gcloud_speech_msgs/msg/SpeechToTextFeedback.msg, /home/users/danbing/catkin_workspace/devel/share/gcloud_speech_msgs/msg/SpeechToTextFeedback.msg)
Linked: (/home/users/danbing/catkin_workspace/devel/.private/gcloud_speech_msgs/share/gcloud_speech_msgs/msg/SpeechToTextActionFeedback.msg, /home/users/danbing/catkin_workspace/devel/share/gcloud_speech_msgs/msg/SpeechToTextActionFeedback.msg)
Linked: (/home/users/danbing/catkin_workspace/devel/.private/gcloud_speech_msgs/share/gcloud_speech_msgs/cmake/gcloud_speech_msgs-msg-extras.cmake, /home/users/danbing/catkin_workspace/devel/share/gcloud_speech_msgs/cmake/gcloud_speech_msgs-msg-extras.cmake)
Linked: (/home/users/danbing/catkin_workspace/devel/.private/gcloud_speech_msgs/share/gcloud_speech_msgs/cmake/gcloud_speech_msgsConfig.cmake, /home/users/danbing/catkin_workspace/devel/share/gcloud_speech_msgs/cmake/gcloud_speech_msgsConfig.cmake)
Linked: (/home/users/danbing/catkin_workspace/devel/.private/gcloud_speech_msgs/share/gcloud_speech_msgs/cmake/gcloud_speech_msgs-msg-paths.cmake, /home/users/danbing/catkin_workspace/devel/share/gcloud_speech_msgs/cmake/gcloud_speech_msgs-msg-paths.cmake)
Linked: (/home/users/danbing/catkin_workspace/devel/.private/gcloud_speech_msgs/share/gcloud_speech_msgs/cmake/gcloud_speech_msgsConfig-version.cmake, /home/users/danbing/catkin_workspace/devel/share/gcloud_speech_msgs/cmake/gcloud_speech_msgsConfig-version.cmake)
Linked: (/home/users/danbing/catkin_workspace/devel/.private/gcloud_speech_msgs/lib/python2.7/dist-packages/gcloud_speech_msgs/__init__.py, /home/users/danbing/catkin_workspace/devel/lib/python2.7/dist-packages/gcloud_speech_msgs/__init__.py)
Linked: (/home/users/danbing/catkin_workspace/devel/.private/gcloud_speech_msgs/lib/python2.7/dist-packages/gcloud_speech_msgs/msg/_SpeechToTextAction.py, /home/users/danbing/catkin_workspace/devel/lib/python2.7/dist-packages/gcloud_speech_msgs/msg/_SpeechToTextAction.py)
Linked: (/home/users/danbing/catkin_workspace/devel/.private/gcloud_speech_msgs/lib/python2.7/dist-packages/gcloud_speech_msgs/msg/_SpeechToTextActionGoal.py, /home/users/danbing/catkin_workspace/devel/lib/python2.7/dist-packages/gcloud_speech_msgs/msg/_SpeechToTextActionGoal.py)
Linked: (/home/users/danbing/catkin_workspace/devel/.private/gcloud_speech_msgs/lib/python2.7/dist-packages/gcloud_speech_msgs/msg/_SpeechToTextActionFeedback.py, /home/users/danbing/catkin_workspace/devel/lib/python2.7/dist-packages/gcloud_speech_msgs/msg/_SpeechToTextActionFeedback.py)
Linked: (/home/users/danbing/catkin_workspace/devel/.private/gcloud_speech_msgs/lib/python2.7/dist-packages/gcloud_speech_msgs/msg/_SpeechToTextActionResult.py, /home/users/danbing/catkin_workspace/devel/lib/python2.7/dist-packages/gcloud_speech_msgs/msg/_SpeechToTextActionResult.py)
Linked: (/home/users/danbing/catkin_workspace/devel/.private/gcloud_speech_msgs/lib/python2.7/dist-packages/gcloud_speech_msgs/msg/_SpeechToTextGoal.py, /home/users/danbing/catkin_workspace/devel/lib/python2.7/dist-packages/gcloud_speech_msgs/msg/_SpeechToTextGoal.py)
Linked: (/home/users/danbing/catkin_workspace/devel/.private/gcloud_speech_msgs/lib/python2.7/dist-packages/gcloud_speech_msgs/msg/_LinearPcm16Le16000Audio.py, /home/users/danbing/catkin_workspace/devel/lib/python2.7/dist-packages/gcloud_speech_msgs/msg/_LinearPcm16Le16000Audio.py)
Linked: (/home/users/danbing/catkin_workspace/devel/.private/gcloud_speech_msgs/lib/python2.7/dist-packages/gcloud_speech_msgs/msg/_SpeechToTextResult.py, /home/users/danbing/catkin_workspace/devel/lib/python2.7/dist-packages/gcloud_speech_msgs/msg/_SpeechToTextResult.py)
Linked: (/home/users/danbing/catkin_workspace/devel/.private/gcloud_speech_msgs/lib/python2.7/dist-packages/gcloud_speech_msgs/msg/_RecognitionHypothesis.py, /home/users/danbing/catkin_workspace/devel/lib/python2.7/dist-packages/gcloud_speech_msgs/msg/_RecognitionHypothesis.py)
Linked: (/home/users/danbing/catkin_workspace/devel/.private/gcloud_speech_msgs/lib/python2.7/dist-packages/gcloud_speech_msgs/msg/__init__.py, /home/users/danbing/catkin_workspace/devel/lib/python2.7/dist-packages/gcloud_speech_msgs/msg/__init__.py)
Linked: (/home/users/danbing/catkin_workspace/devel/.private/gcloud_speech_msgs/lib/python2.7/dist-packages/gcloud_speech_msgs/msg/_SpeechToTextFeedback.py, /home/users/danbing/catkin_workspace/devel/lib/python2.7/dist-packages/gcloud_speech_msgs/msg/_SpeechToTextFeedback.py)
Linked: (/home/users/danbing/catkin_workspace/devel/.private/gcloud_speech_msgs/lib/pkgconfig/gcloud_speech_msgs.pc, /home/users/danbing/catkin_workspace/devel/lib/pkgconfig/gcloud_speech_msgs.pc)
