Not searching for unused variables given on the command line.
[36m--[0m Using CATKIN_DEVEL_PREFIX: /home/users/danbing/catkin_workspace/devel/.private/acoustic_magic_uart
[36m--[0m Using CMAKE_PREFIX_PATH: /home/users/danbing/catkin_workspace/devel;/opt/ros/indigo
[36m--[0m This workspace overlays: /home/users/danbing/catkin_workspace/devel;/opt/ros/indigo
[36m--[0m Using PYTHON_EXECUTABLE: /usr/bin/python
[36m--[0m Using Debian Python package layout
[36m--[0m Using empy: /usr/bin/empy
[36m--[0m Using CATKIN_ENABLE_TESTING: ON
[36m--[0m Call enable_testing()
[36m--[0m Using CATKIN_TEST_RESULTS_DIR: /home/users/danbing/catkin_workspace/build/acoustic_magic_uart/test_results
[36m--[0m Found gtest sources under '/usr/src/gtest': gtests will be built
[36m--[0m Using Python nosetests: /usr/bin/nosetests-2.7
[36m--[0m catkin 0.6.19
[36m--[0m Configuring done
[31m[1mCMake Error[0m at /home/users/danbing/catkin_workspace/src/acoustic_magic_uart/CMakeLists.txt:20 (add_executable):
  Cannot find source file:

    src/statusor.cc

  Tried extensions .c .C .c++ .cc .cpp .cxx .m .M .mm .h .hh .h++ .hm .hpp
  .hxx .in .txx


[36m--[0m Build files have been written to: /home/users/danbing/catkin_workspace/build/acoustic_magic_uart
