Determining if the pthread_create exist failed with the following output:
Change Dir: /home/users/danbing/catkin_workspace/build/acoustic_magic_uart/CMakeFiles/CMakeTmp

Run Build Command:/usr/bin/make "cmTryCompileExec776566903/fast"
/usr/bin/make -f CMakeFiles/cmTryCompileExec776566903.dir/build.make CMakeFiles/cmTryCompileExec776566903.dir/build
make[1]: Entering directory `/home/users/danbing/catkin_workspace/build/acoustic_magic_uart/CMakeFiles/CMakeTmp'
/usr/bin/cmake -E cmake_progress_report /home/users/danbing/catkin_workspace/build/acoustic_magic_uart/CMakeFiles/CMakeTmp/CMakeFiles 1
Building C object CMakeFiles/cmTryCompileExec776566903.dir/CheckSymbolExists.c.o
/usr/bin/cc    -o CMakeFiles/cmTryCompileExec776566903.dir/CheckSymbolExists.c.o   -c /home/users/danbing/catkin_workspace/build/acoustic_magic_uart/CMakeFiles/CMakeTmp/CheckSymbolExists.c
Linking C executable cmTryCompileExec776566903
/usr/bin/cmake -E cmake_link_script CMakeFiles/cmTryCompileExec776566903.dir/link.txt --verbose=1
/usr/bin/cc       CMakeFiles/cmTryCompileExec776566903.dir/CheckSymbolExists.c.o  -o cmTryCompileExec776566903 -rdynamic 
CMakeFiles/cmTryCompileExec776566903.dir/CheckSymbolExists.c.o: In function `main':
CheckSymbolExists.c:(.text+0x16): undefined reference to `pthread_create'
collect2: error: ld returned 1 exit status
make[1]: Leaving directory `/home/users/danbing/catkin_workspace/build/acoustic_magic_uart/CMakeFiles/CMakeTmp'
make[1]: *** [cmTryCompileExec776566903] Error 1
make: *** [cmTryCompileExec776566903/fast] Error 2

File /home/users/danbing/catkin_workspace/build/acoustic_magic_uart/CMakeFiles/CMakeTmp/CheckSymbolExists.c:
/* */
#include <pthread.h>

int main(int argc, char** argv)
{
  (void)argv;
#ifndef pthread_create
  return ((int*)(&pthread_create))[argc];
#else
  (void)argc;
  return 0;
#endif
}

Determining if the function pthread_create exists in the pthreads failed with the following output:
Change Dir: /home/users/danbing/catkin_workspace/build/acoustic_magic_uart/CMakeFiles/CMakeTmp

Run Build Command:/usr/bin/make "cmTryCompileExec3259404214/fast"
/usr/bin/make -f CMakeFiles/cmTryCompileExec3259404214.dir/build.make CMakeFiles/cmTryCompileExec3259404214.dir/build
make[1]: Entering directory `/home/users/danbing/catkin_workspace/build/acoustic_magic_uart/CMakeFiles/CMakeTmp'
/usr/bin/cmake -E cmake_progress_report /home/users/danbing/catkin_workspace/build/acoustic_magic_uart/CMakeFiles/CMakeTmp/CMakeFiles 1
Building C object CMakeFiles/cmTryCompileExec3259404214.dir/CheckFunctionExists.c.o
/usr/bin/cc   -DCHECK_FUNCTION_EXISTS=pthread_create   -o CMakeFiles/cmTryCompileExec3259404214.dir/CheckFunctionExists.c.o   -c /usr/share/cmake-2.8/Modules/CheckFunctionExists.c
Linking C executable cmTryCompileExec3259404214
/usr/bin/cmake -E cmake_link_script CMakeFiles/cmTryCompileExec3259404214.dir/link.txt --verbose=1
/usr/bin/cc   -DCHECK_FUNCTION_EXISTS=pthread_create    CMakeFiles/cmTryCompileExec3259404214.dir/CheckFunctionExists.c.o  -o cmTryCompileExec3259404214 -rdynamic -lpthreads 
/usr/bin/ld: cannot find -lpthreads
collect2: error: ld returned 1 exit status
make[1]: Leaving directory `/home/users/danbing/catkin_workspace/build/acoustic_magic_uart/CMakeFiles/CMakeTmp'
make[1]: *** [cmTryCompileExec3259404214] Error 1
make: *** [cmTryCompileExec3259404214/fast] Error 2


